<?xml version="1.0" encoding="UTF-8"?>
<!-- Generated by org.testng.reporters.JUnitReportReporter -->
<testsuite hostname="LAPTOP-P98V0E64" failures="0" tests="3" name="tests.PutPatchAndDeleteExamples" time="3.287" errors="0" timestamp="2022-05-23T19:39:47 EDT" skipped="0">
  <testcase classname="tests.PutPatchAndDeleteExamples" name="testPUT" time="0.347"/>
  <system-out/>
  <testcase classname="tests.PutPatchAndDeleteExamples" name="testDELETE" time="2.495"/>
  <system-out/>
  <testcase classname="tests.PutPatchAndDeleteExamples" name="testPATCH" time="0.445"/>
  <system-out/>
</testsuite> <!-- tests.PutPatchAndDeleteExamples -->
