<?xml version="1.0" encoding="UTF-8"?>
<!-- Generated by org.testng.reporters.JUnitReportReporter -->
<testsuite hostname="LAPTOP-P98V0E64" failures="0" tests="3" name="tests.TestExample" time="3.808" errors="0" timestamp="2022-05-27T14:22:51 EDT" skipped="0">
  <testcase classname="tests.TestExample" name="test_2" time="1.155"/>
  <system-out/>
  <testcase classname="tests.TestExample" name="testPost" time="2.485"/>
  <system-out/>
  <testcase classname="tests.TestExample" name="test_1" time="0.168"/>
  <system-out/>
</testsuite> <!-- tests.TestExample -->
