<?xml version="1.0" encoding="UTF-8"?>
<!-- Generated by org.testng.reporters.JUnitReportReporter -->
<testsuite hostname="LAPTOP-P98V0E64" failures="0" tests="3" name="tests.TestExample" time="4.809" errors="0" timestamp="2022-05-23T15:32:29 EDT" skipped="0">
  <testcase classname="tests.TestExample" name="testPost" time="3.173"/>
  <system-out/>
  <testcase classname="tests.TestExample" name="test_2" time="1.380"/>
  <system-out/>
  <testcase classname="tests.TestExample" name="test_1" time="0.256"/>
  <system-out/>
</testsuite> <!-- tests.TestExample -->
